2024-03-06 16:06:58	INFO	Se ha creado una función set
2024-03-06 16:06:58	INFO	Se ha creado una función set
2024-03-06 16:06:58	INFO	Se ha creado una función set
2024-03-06 16:06:58	INFO	Se ha creado una función get
2024-03-06 16:06:58	INFO	Se ha creado una función get
2024-03-06 16:06:58	INFO	Se ha INSERTADO un usuario con id 
2024-03-06 16:06:58	INFO	Se ha creado una función get
2024-03-06 16:06:58	WARNING	Se ha marcado para borrar un usuario 
2024-03-06 16:06:58	CRITICAL	Se ha BORRADO el usuario con id: 43
2024-03-06 16:06:58	INFO	Se ha creado una función set
2024-03-06 16:06:58	INFO	Se ha creado una función set
2024-03-06 16:06:58	INFO	Se ha creado una función set
2024-03-06 16:06:58	INFO	Se ha creado una función set
2024-03-06 16:06:58	INFO	Se ha creado una función set
2024-03-06 16:06:58	INFO	Se ha creado una función set
2024-03-06 16:06:58	INFO	Se ha creado una función set
2024-03-06 16:06:58	INFO	Se ha creado una función set
2024-03-06 16:06:58	INFO	Se ha creado una función set
2024-03-06 16:06:58	INFO	Se ha INSERTADO un usuario con id 
2024-03-06 16:06:58	INFO	Se ha creado una función set
2024-03-06 16:06:58	INFO	Se ha creado una función set
2024-03-06 16:06:58	INFO	Se ha creado una función set
2024-03-06 16:06:58	INFO	Se ha creado una función set
2024-03-06 16:06:58	INFO	Se ha creado una función set
2024-03-06 16:06:58	INFO	Se ha creado una función set
2024-03-06 16:06:58	INFO	Se ha creado una función set
2024-03-06 16:06:58	INFO	Se ha creado una función set
2024-03-06 16:06:58	INFO	Se ha creado una función set
2024-03-06 16:06:58	INFO	Se ha INSERTADO un usuario con id 
2024-03-06 16:06:58	INFO	Se ha creado una función set
2024-03-06 16:06:58	INFO	Se ha creado una función set
2024-03-06 16:06:58	INFO	Se ha creado una función set
2024-03-06 16:06:58	INFO	Se ha creado una función set
2024-03-06 16:06:58	INFO	Se ha creado una función set
2024-03-06 16:06:58	INFO	Se ha creado una función set
2024-03-06 16:06:58	INFO	Se ha creado una función set
2024-03-06 16:06:58	INFO	Se ha creado una función set
2024-03-06 16:06:58	INFO	Se ha creado una función set
2024-03-06 16:06:58	INFO	Se ha INSERTADO un usuario con id 
2024-03-06 16:06:58	INFO	Se ha creado una función get
2024-03-06 16:06:58	INFO	Se ha creado una función get
2024-03-06 16:06:58	INFO	Se ha creado una función get
2024-03-06 16:06:58	INFO	Se ha creado una función get
2024-03-06 16:06:58	INFO	Se ha creado una función get
2024-03-06 16:06:58	INFO	Se ha creado una función get
2024-03-06 16:06:58	INFO	Se ha creado una función get
2024-03-06 16:06:58	INFO	Se ha creado una función get
2024-03-06 16:06:58	INFO	Se ha creado una función get
2024-03-06 16:06:58	INFO	Se ha creado una función get
2024-03-06 16:06:58	INFO	Se ha creado una función get
2024-03-06 16:06:58	INFO	Se ha creado una función get
2024-03-06 16:06:58	INFO	Se ha creado una función get
2024-03-06 16:06:58	INFO	Se ha creado una función get
2024-03-06 16:06:58	INFO	Se ha creado una función get
2024-03-06 16:06:58	INFO	Se ha creado una función get
2024-03-06 16:06:58	INFO	Se ha creado una función get
2024-03-06 16:06:58	INFO	Se ha creado una función get
2024-03-06 16:06:58	INFO	Se ha creado una función get
2024-03-06 16:06:58	INFO	Se ha creado una función get
2024-03-06 16:06:58	INFO	Se ha creado una función get
2024-03-06 16:06:58	INFO	Se ha creado una función get
2024-03-06 16:06:58	INFO	Se ha creado una función get
2024-03-06 16:06:58	INFO	Se ha creado una función get
2024-03-06 16:06:58	INFO	Se ha creado una función get
2024-03-06 16:06:58	INFO	Se ha creado una función get
2024-03-06 16:06:58	INFO	Se ha creado una función get
2024-03-06 16:06:58	INFO	Se ha creado una función set
2024-03-06 16:06:58	INFO	Se ha creado una función set
2024-03-06 16:06:58	INFO	Se ha creado una función set
2024-03-06 16:06:58	INFO	Se ha creado una función set
2024-03-06 16:06:58	INFO	Se ha creado una función set
2024-03-06 16:06:58	INFO	Se ha creado una función set
2024-03-06 16:06:58	INFO	Se ha creado una función set
2024-03-06 16:06:58	INFO	Se ha creado una función set
2024-03-06 16:06:58	INFO	Se ha creado una función set
2024-03-06 16:06:58	DEBUG	Se ha ACTUALIZADO el usuario con id 
2024-03-06 16:06:58	INFO	Se ha creado una función set
2024-03-06 16:06:58	INFO	Se ha creado una función set
2024-03-06 16:06:58	INFO	Se ha creado una función set
2024-03-06 16:06:58	INFO	Se ha creado una función set
2024-03-06 16:06:58	INFO	Se ha creado una función set
2024-03-06 16:06:58	INFO	Se ha creado una función set
2024-03-06 16:06:58	INFO	Se ha creado una función set
2024-03-06 16:06:58	INFO	Se ha creado una función set
2024-03-06 16:06:58	INFO	Se ha creado una función set
2024-03-06 16:06:58	DEBUG	Se ha ACTUALIZADO el usuario con id 
2024-03-06 16:06:58	INFO	Se ha creado una función set
2024-03-06 16:06:58	INFO	Se ha creado una función set
2024-03-06 16:06:58	INFO	Se ha creado una función set
2024-03-06 16:06:58	INFO	Se ha creado una función set
2024-03-06 16:06:58	INFO	Se ha creado una función set
2024-03-06 16:06:58	INFO	Se ha creado una función set
2024-03-06 16:06:58	INFO	Se ha creado una función set
2024-03-06 16:06:58	INFO	Se ha creado una función set
2024-03-06 16:06:58	INFO	Se ha creado una función set
2024-03-06 16:06:58	DEBUG	Se ha ACTUALIZADO el usuario con id 
2024-03-06 16:06:58	INFO	Se ha creado una función get
2024-03-06 16:06:58	INFO	Se ha creado una función get
2024-03-06 16:06:58	INFO	Se ha creado una función get
2024-03-06 16:06:58	INFO	Se ha creado una función get
2024-03-06 16:06:58	INFO	Se ha creado una función get
2024-03-06 16:06:58	INFO	Se ha creado una función get
2024-03-06 16:06:58	INFO	Se ha creado una función get
2024-03-06 16:06:58	INFO	Se ha creado una función get
2024-03-06 16:06:58	INFO	Se ha creado una función get
2024-03-06 16:06:58	INFO	Se ha creado una función get
2024-03-06 16:06:58	INFO	Se ha creado una función get
2024-03-06 16:06:58	INFO	Se ha creado una función get
2024-03-06 16:06:58	INFO	Se ha creado una función get
2024-03-06 16:06:58	INFO	Se ha creado una función get
2024-03-06 16:06:58	INFO	Se ha creado una función get
2024-03-06 16:06:58	INFO	Se ha creado una función get
2024-03-06 16:06:58	INFO	Se ha creado una función get
2024-03-06 16:06:58	INFO	Se ha creado una función get
2024-03-06 16:06:58	INFO	Se ha creado una función get
2024-03-06 16:06:58	INFO	Se ha creado una función get
2024-03-06 16:06:58	INFO	Se ha creado una función get
2024-03-06 16:06:58	INFO	Se ha creado una función get
2024-03-06 16:06:58	INFO	Se ha creado una función get
2024-03-06 16:06:58	INFO	Se ha creado una función get
2024-03-06 16:06:58	INFO	Se ha creado una función get
2024-03-06 16:06:58	INFO	Se ha creado una función get
2024-03-06 16:06:58	INFO	Se ha creado una función get
2024-03-06 16:06:58	WARNING	Se ha marcado para borrar un usuario 
2024-03-06 16:06:58	CRITICAL	Se ha BORRADO el usuario con id: 23
2024-03-06 16:06:58	WARNING	Se ha marcado para borrar un usuario 
2024-03-06 16:06:58	CRITICAL	Se ha BORRADO el usuario con id: 24
2024-03-06 16:06:58	WARNING	Se ha marcado para borrar un usuario 
2024-03-06 16:06:58	CRITICAL	Se ha BORRADO el usuario con id: 25
